<?xml version="1.0" encoding="UTF-8"?>
<testng-results ignored="0" total="1" passed="1" failed="0" skipped="0">
  <reporter-output>
  </reporter-output>
  <suite started-at="2022-07-13T12:46:47 EDT" name="Default suite" finished-at="2022-07-13T12:46:50 EDT" duration-ms="3348">
    <groups>
    </groups>
    <test started-at="2022-07-13T12:46:47 EDT" name="Default test" finished-at="2022-07-13T12:46:50 EDT" duration-ms="3348">
      <class name="restAssured.GetAllList">
        <test-method signature="getAllUsers()[pri:0, instance:restAssured.GetAllList@25084a1e]" started-at="2022-07-13T12:46:47 EDT" name="getAllUsers" finished-at="2022-07-13T12:46:50 EDT" duration-ms="3284" status="PASS">
          <reporter-output>
          </reporter-output>
        </test-method> <!-- getAllUsers -->
      </class> <!-- restAssured.GetAllList -->
    </test> <!-- Default test -->
  </suite> <!-- Default suite -->
</testng-results>
